<?xml version="1.0" encoding="UTF-8"?>
<testng-results ignored="0" total="1" passed="1" failed="0" skipped="0">
  <reporter-output>
  </reporter-output>
  <suite started-at="2024-09-15T17:14:03Z" name="Suite" finished-at="2024-09-15T17:14:05Z" duration-ms="1748">
    <groups>
    </groups>
    <test started-at="2024-09-15T17:14:03Z" name="Test" finished-at="2024-09-15T17:14:05Z" duration-ms="1748">
      <class name="apiChaining.ChainingExample">
        <test-method signature="test1()[pri:0, instance:apiChaining.ChainingExample@f0da945]" started-at="2024-09-15T17:14:03Z" name="test1" finished-at="2024-09-15T17:14:05Z" duration-ms="1735" status="PASS">
          <reporter-output>
          </reporter-output>
        </test-method> <!-- test1 -->
      </class> <!-- apiChaining.ChainingExample -->
    </test> <!-- Test -->
  </suite> <!-- Suite -->
</testng-results>
