<?xml version="1.0" encoding="UTF-8"?>
<testsuite xmlns:xsi="http://www.w3.org/2001/XMLSchema-instance" xsi:noNamespaceSchemaLocation="https://maven.apache.org/surefire/maven-surefire-plugin/xsd/surefire-test-report-3.0.xsd" version="3.0" name="TestSuite" time="2.427" tests="1" errors="0" skipped="0" failures="0">
  <properties>
[...]
</properties>
  <testcase name="test1" classname="apiChaining.ChainingExample" time="1.736">
    <system-out><![CDATA[[TestNGContentHandler] [WARN] It is strongly recommended to add "<!DOCTYPE suite SYSTEM "http://testng.org/testng-1.0.dtd" >" at the top of your file, otherwise TestNG may fail or not work as expected.
{
  "uuid": "38bbe979-f3cd-4078-8005-ad97a3ccbc4d"
}

200
38bbe979-f3cd-4078-8005-ad97a3ccbc4d
JSON file updated successfully.
The response code is 200
The response body is {
  "args": {}, 
  "data": "{\"orderId\":\"38bbe979-f3cd-4078-8005-ad97a3ccbc4d\",\"products\":[{\"quantity\":20,\"productId\":3000},{\"quantity\":10,\"productId\":2000}]}", 
  "files": {}, 
  "form": {}, 
  "headers": {
    "Accept": "application/json, application/javascript, text/javascript, text/json", 
    "Accept-Encoding": "gzip,deflate", 
    "Content-Length": "129", 
    "Content-Type": "application/json; charset=UTF-8", 
    "Host": "httpbin.org", 
    "User-Agent": "Apache-HttpClient/4.5.3 (Java/11.0.24)", 
    "X-Amzn-Trace-Id": "Root=1-66e715dd-38f33ba91852145b5909d39a"
  }, 
  "json": {
    "orderId": "38bbe979-f3cd-4078-8005-ad97a3ccbc4d", 
    "products": [
      {
        "productId": 3000, 
        "quantity": 20
      }, 
      {
        "productId": 2000, 
        "quantity": 10
      }
    ]
  }, 
  "origin": "3.87.95.110", 
  "url": "http://httpbin.org/post"
}

]]></system-out>
  </testcase>
</testsuite>