<?xml version="1.0" encoding="UTF-8"?>
<testng-results ignored="0" total="1" passed="1" failed="0" skipped="0">
  <reporter-output>
  </reporter-output>
  <suite started-at="2024-09-22T14:59:19Z" name="Default suite" finished-at="2024-09-22T14:59:21Z" duration-ms="1453">
    <groups>
    </groups>
    <test started-at="2024-09-22T14:59:19Z" name="Default test" finished-at="2024-09-22T14:59:21Z" duration-ms="1453">
      <class name="restAPI.DeleteReuest">
        <test-method signature="test()[pri:0, instance:restAPI.DeleteReuest@73302995]" started-at="2024-09-22T14:59:19Z" name="test" finished-at="2024-09-22T14:59:21Z" duration-ms="1434" status="PASS">
          <reporter-output>
          </reporter-output>
        </test-method> <!-- test -->
      </class> <!-- restAPI.DeleteReuest -->
    </test> <!-- Default test -->
  </suite> <!-- Default suite -->
</testng-results>
